[C TEST] silk_lin2log(115456)=2153
[C GAINS_QUANT] gains_q16=[115456, 115456, 115456, 115456] prev_ind=10 cond=0
[C TEST] gains_quant result: ind=[6, 1, 4, 4] final_prev=3
[C TEST] gains_q16_after=[210944, 131072, 131072, 131072]
[C OPUS_PRE_REDUND] mode=1002 tell=1 max_data_bytes=160 redundancy=0 nb_compr_bytes=435
[C OPUS_PRE_CELT] tell=1 rng=2147483648 nb_compr_bytes=159 start_band=0 bitrate=64000 silk_bitrate=25000 frame_size=960
[C OPUS_FINAL] ret=160 data=[f8,ff,fe,00,00,00,00,00,00,00,00,00,00,00,00,00]
[C SILK] speech_activity_Q8=0 signal_type=0 quant_offset=0
[C SILK] gains_indices=[0, 0, 0, 0] nb_subfr=0
[C SILK] nlsf_indices=[0, 0, 0, 0, 0, 0, 0, 0, 0, 0, 0]
[C SILK] VAD_flags=[0] LBRR_flag=0 inDTX=0
[C SILK] seed=0 n_frames_encoded=0
[C OPUS_PRE_REDUND] mode=1002 tell=1 max_data_bytes=160 redundancy=0 nb_compr_bytes=0
[C OPUS_PRE_CELT] tell=1 rng=2147483648 nb_compr_bytes=159 start_band=0 bitrate=64000 silk_bitrate=25000 frame_size=960
[C OPUS_FINAL] ret=160 data=[f8,ff,fe,00,00,00,00,00,00,00,00,00,00,00,00,00]
[C SILK] speech_activity_Q8=0 signal_type=0 quant_offset=0
[C SILK] gains_indices=[0, 0, 0, 0] nb_subfr=0
[C SILK] nlsf_indices=[0, 0, 0, 0, 0, 0, 0, 0, 0, 0, 0]
[C SILK] VAD_flags=[0] LBRR_flag=0 inDTX=0
[C SILK] seed=0 n_frames_encoded=0
[C OPUS_PRE_REDUND] mode=1002 tell=1 max_data_bytes=160 redundancy=0 nb_compr_bytes=0
[C OPUS_PRE_CELT] tell=1 rng=2147483648 nb_compr_bytes=159 start_band=0 bitrate=64000 silk_bitrate=25000 frame_size=960
[C OPUS_FINAL] ret=160 data=[f8,ff,fe,00,00,00,00,00,00,00,00,00,00,00,00,00]
[C OPUS_PRE_REDUND] mode=1002 tell=1 max_data_bytes=160 redundancy=0 nb_compr_bytes=0
[C OPUS_PRE_CELT] tell=1 rng=2147483648 nb_compr_bytes=159 start_band=0 bitrate=64000 silk_bitrate=25000 frame_size=960
[C OPUS_FINAL] ret=160 data=[f8,ff,fe,00,00,00,00,00,00,00,00,00,00,00,00,00]
[C OPUS_PRE_REDUND] mode=1002 tell=1 max_data_bytes=160 redundancy=0 nb_compr_bytes=159
[C OPUS_PRE_CELT] tell=1 rng=2147483648 nb_compr_bytes=159 start_band=0 bitrate=64000 silk_bitrate=25000 frame_size=960
[C OPUS_FINAL] ret=160 data=[f8,ff,fe,00,00,00,00,00,00,00,00,00,00,00,00,00]
[C OPUS_PRE_REDUND] mode=1002 tell=1 max_data_bytes=160 redundancy=0 nb_compr_bytes=0
[C OPUS_PRE_CELT] tell=1 rng=2147483648 nb_compr_bytes=159 start_band=0 bitrate=64000 silk_bitrate=25000 frame_size=960
[C OPUS_FINAL] ret=160 data=[f8,ff,fe,00,00,00,00,00,00,00,00,00,00,00,00,00]
[C OPUS_PRE_REDUND] mode=1002 tell=1 max_data_bytes=160 redundancy=0 nb_compr_bytes=159
[C OPUS_PRE_CELT] tell=1 rng=2147483648 nb_compr_bytes=159 start_band=0 bitrate=64000 silk_bitrate=25000 frame_size=960
[C OPUS_FINAL] ret=160 data=[f8,ff,fe,00,00,00,00,00,00,00,00,00,00,00,00,00]
[C OPUS_PRE_REDUND] mode=1002 tell=1 max_data_bytes=160 redundancy=0 nb_compr_bytes=159
[C OPUS_PRE_CELT] tell=1 rng=2147483648 nb_compr_bytes=159 start_band=0 bitrate=64000 silk_bitrate=25000 frame_size=960
[C OPUS_FINAL] ret=160 data=[f8,ff,fe,00,00,00,00,00,00,00,00,00,00,00,00,00]
[C OPUS_PRE_REDUND] mode=1002 tell=1 max_data_bytes=160 redundancy=0 nb_compr_bytes=159
[C OPUS_PRE_CELT] tell=1 rng=2147483648 nb_compr_bytes=159 start_band=0 bitrate=64000 silk_bitrate=25000 frame_size=960
[C OPUS_FINAL] ret=160 data=[f8,ff,fe,00,00,00,00,00,00,00,00,00,00,00,00,00]
[C OPUS_PRE_REDUND] mode=1002 tell=1 max_data_bytes=160 redundancy=0 nb_compr_bytes=0
[C OPUS_PRE_CELT] tell=1 rng=2147483648 nb_compr_bytes=159 start_band=0 bitrate=64000 silk_bitrate=25000 frame_size=960
[C OPUS_FINAL] ret=160 data=[f8,ff,fe,00,00,00,00,00,00,00,00,00,00,00,00,00]
[C OPUS_PRE_REDUND] mode=1002 tell=1 max_data_bytes=160 redundancy=0 nb_compr_bytes=159
[C OPUS_PRE_CELT] tell=1 rng=2147483648 nb_compr_bytes=159 start_band=0 bitrate=64000 silk_bitrate=25000 frame_size=960
[C OPUS_FINAL] ret=160 data=[f8,ff,fe,00,00,00,00,00,00,00,00,00,00,00,00,00]
[C OPUS_PRE_REDUND] mode=1002 tell=1 max_data_bytes=160 redundancy=0 nb_compr_bytes=159
[C OPUS_PRE_CELT] tell=1 rng=2147483648 nb_compr_bytes=159 start_band=0 bitrate=64000 silk_bitrate=25000 frame_size=960
[C OPUS_FINAL] ret=160 data=[f8,ff,fe,00,00,00,00,00,00,00,00,00,00,00,00,00]
[C OPUS_PRE_REDUND] mode=1002 tell=1 max_data_bytes=160 redundancy=0 nb_compr_bytes=159
[C OPUS_PRE_CELT] tell=1 rng=2147483648 nb_compr_bytes=159 start_band=0 bitrate=64000 silk_bitrate=25000 frame_size=960
[C OPUS_FINAL] ret=160 data=[f8,ff,fe,00,00,00,00,00,00,00,00,00,00,00,00,00]
[C OPUS_PRE_REDUND] mode=1002 tell=1 max_data_bytes=160 redundancy=0 nb_compr_bytes=159
[C OPUS_PRE_CELT] tell=1 rng=2147483648 nb_compr_bytes=159 start_band=0 bitrate=64000 silk_bitrate=25000 frame_size=960
[C OPUS_FINAL] ret=160 data=[f8,ff,fe,00,00,00,00,00,00,00,00,00,00,00,00,00]
[C OPUS_PRE_REDUND] mode=1002 tell=1 max_data_bytes=160 redundancy=0 nb_compr_bytes=159
[C OPUS_PRE_CELT] tell=1 rng=2147483648 nb_compr_bytes=159 start_band=0 bitrate=64000 silk_bitrate=25000 frame_size=960
[C OPUS_FINAL] ret=160 data=[f8,ff,fe,00,00,00,00,00,00,00,00,00,00,00,00,00]
[C OPUS_PRE_REDUND] mode=1002 tell=1 max_data_bytes=160 redundancy=0 nb_compr_bytes=159
[C OPUS_PRE_CELT] tell=1 rng=2147483648 nb_compr_bytes=159 start_band=0 bitrate=64000 silk_bitrate=25000 frame_size=960
[C OPUS_FINAL] ret=160 data=[f8,ff,fe,00,00,00,00,00,00,00,00,00,00,00,00,00]
[C OPUS_PRE_REDUND] mode=1002 tell=1 max_data_bytes=160 redundancy=0 nb_compr_bytes=159
[C OPUS_PRE_CELT] tell=1 rng=2147483648 nb_compr_bytes=159 start_band=0 bitrate=64000 silk_bitrate=25000 frame_size=960
[C OPUS_FINAL] ret=160 data=[f8,ff,fe,00,00,00,00,00,00,00,00,00,00,00,00,00]
[C OPUS_PRE_REDUND] mode=1002 tell=1 max_data_bytes=160 redundancy=0 nb_compr_bytes=0
[C OPUS_PRE_CELT] tell=1 rng=2147483648 nb_compr_bytes=159 start_band=0 bitrate=64000 silk_bitrate=25000 frame_size=960
[C OPUS_FINAL] ret=160 data=[f8,ff,fe,00,00,00,00,00,00,00,00,00,00,00,00,00]
[C OPUS_PRE_REDUND] mode=1002 tell=1 max_data_bytes=160 redundancy=0 nb_compr_bytes=159
[C OPUS_PRE_CELT] tell=1 rng=2147483648 nb_compr_bytes=159 start_band=0 bitrate=64000 silk_bitrate=25000 frame_size=960
[C OPUS_FINAL] ret=160 data=[f8,ff,fe,00,00,00,00,00,00,00,00,00,00,00,00,00]
[C OPUS_PRE_REDUND] mode=1002 tell=1 max_data_bytes=160 redundancy=0 nb_compr_bytes=159
[C OPUS_PRE_CELT] tell=1 rng=2147483648 nb_compr_bytes=159 start_band=0 bitrate=64000 silk_bitrate=25000 frame_size=960
[C OPUS_FINAL] ret=160 data=[f8,ff,fe,00,00,00,00,00,00,00,00,00,00,00,00,00]
[C OPUS_PRE_REDUND] mode=1002 tell=1 max_data_bytes=160 redundancy=0 nb_compr_bytes=159
[C OPUS_PRE_CELT] tell=1 rng=2147483648 nb_compr_bytes=159 start_band=0 bitrate=64000 silk_bitrate=25000 frame_size=960
[C OPUS_FINAL] ret=160 data=[f8,ff,fe,00,00,00,00,00,00,00,00,00,00,00,00,00]
[C OPUS_PRE_REDUND] mode=1002 tell=1 max_data_bytes=160 redundancy=0 nb_compr_bytes=159
[C OPUS_PRE_CELT] tell=1 rng=2147483648 nb_compr_bytes=159 start_band=0 bitrate=64000 silk_bitrate=25000 frame_size=960
[C OPUS_FINAL] ret=160 data=[f8,ff,fe,00,00,00,00,00,00,00,00,00,00,00,00,00]
[C OPUS_PRE_REDUND] mode=1002 tell=1 max_data_bytes=160 redundancy=0 nb_compr_bytes=159
[C OPUS_PRE_CELT] tell=1 rng=2147483648 nb_compr_bytes=159 start_band=0 bitrate=64000 silk_bitrate=25000 frame_size=960
[C OPUS_FINAL] ret=160 data=[f8,ff,fe,00,00,00,00,00,00,00,00,00,00,00,00,00]
[C OPUS_PRE_REDUND] mode=1002 tell=1 max_data_bytes=160 redundancy=0 nb_compr_bytes=159
[C OPUS_PRE_CELT] tell=1 rng=2147483648 nb_compr_bytes=159 start_band=0 bitrate=64000 silk_bitrate=25000 frame_size=960
[C OPUS_FINAL] ret=160 data=[f8,ff,fe,00,00,00,00,00,00,00,00,00,00,00,00,00]
[C OPUS_PRE_REDUND] mode=1002 tell=1 max_data_bytes=160 redundancy=0 nb_compr_bytes=159
[C OPUS_PRE_CELT] tell=1 rng=2147483648 nb_compr_bytes=159 start_band=0 bitrate=64000 silk_bitrate=25000 frame_size=960
[C OPUS_FINAL] ret=160 data=[f8,ff,fe,00,00,00,00,00,00,00,00,00,00,00,00,00]
[C OPUS_PRE_REDUND] mode=1002 tell=1 max_data_bytes=160 redundancy=0 nb_compr_bytes=159
[C OPUS_PRE_CELT] tell=1 rng=2147483648 nb_compr_bytes=159 start_band=0 bitrate=64000 silk_bitrate=25000 frame_size=960
[C OPUS_FINAL] ret=160 data=[f8,ff,fe,00,00,00,00,00,00,00,00,00,00,00,00,00]
[C OPUS_PRE_REDUND] mode=1002 tell=1 max_data_bytes=160 redundancy=0 nb_compr_bytes=159
[C OPUS_PRE_CELT] tell=1 rng=2147483648 nb_compr_bytes=159 start_band=0 bitrate=64000 silk_bitrate=25000 frame_size=960
[C OPUS_FINAL] ret=160 data=[f8,ff,fe,00,00,00,00,00,00,00,00,00,00,00,00,00]
[C OPUS_PRE_REDUND] mode=1002 tell=1 max_data_bytes=160 redundancy=0 nb_compr_bytes=159
[C OPUS_PRE_CELT] tell=1 rng=2147483648 nb_compr_bytes=159 start_band=0 bitrate=64000 silk_bitrate=25000 frame_size=960
[C OPUS_FINAL] ret=160 data=[f8,ff,fe,00,00,00,00,00,00,00,00,00,00,00,00,00]
[C OPUS_PRE_REDUND] mode=1002 tell=1 max_data_bytes=160 redundancy=0 nb_compr_bytes=159
[C OPUS_PRE_CELT] tell=1 rng=2147483648 nb_compr_bytes=159 start_band=0 bitrate=64000 silk_bitrate=25000 frame_size=960
[C OPUS_FINAL] ret=160 data=[f8,ff,fe,00,00,00,00,00,00,00,00,00,00,00,00,00]
[C OPUS_PRE_REDUND] mode=1002 tell=1 max_data_bytes=160 redundancy=0 nb_compr_bytes=159
[C OPUS_PRE_CELT] tell=1 rng=2147483648 nb_compr_bytes=159 start_band=0 bitrate=64000 silk_bitrate=25000 frame_size=960
[C OPUS_FINAL] ret=160 data=[f8,ff,fe,00,00,00,00,00,00,00,00,00,00,00,00,00]
[C OPUS_PRE_REDUND] mode=1002 tell=1 max_data_bytes=160 redundancy=0 nb_compr_bytes=159
[C OPUS_PRE_CELT] tell=1 rng=2147483648 nb_compr_bytes=159 start_band=0 bitrate=64000 silk_bitrate=25000 frame_size=960
[C OPUS_FINAL] ret=160 data=[f8,ff,fe,00,00,00,00,00,00,00,00,00,00,00,00,00]
[C OPUS_PRE_REDUND] mode=1002 tell=1 max_data_bytes=160 redundancy=0 nb_compr_bytes=159
[C OPUS_PRE_CELT] tell=1 rng=2147483648 nb_compr_bytes=159 start_band=0 bitrate=64000 silk_bitrate=25000 frame_size=960
[C OPUS_FINAL] ret=160 data=[f8,ff,fe,00,00,00,00,00,00,00,00,00,00,00,00,00]
[C OPUS_PRE_REDUND] mode=1002 tell=1 max_data_bytes=160 redundancy=0 nb_compr_bytes=159
[C OPUS_PRE_CELT] tell=1 rng=2147483648 nb_compr_bytes=159 start_band=0 bitrate=64000 silk_bitrate=25000 frame_size=960
[C OPUS_FINAL] ret=160 data=[f8,ff,fe,00,00,00,00,00,00,00,00,00,00,00,00,00]
[C OPUS_PRE_REDUND] mode=1002 tell=1 max_data_bytes=160 redundancy=0 nb_compr_bytes=0
[C OPUS_PRE_CELT] tell=1 rng=2147483648 nb_compr_bytes=159 start_band=0 bitrate=64000 silk_bitrate=25000 frame_size=960
[C OPUS_FINAL] ret=160 data=[f8,ff,fe,00,00,00,00,00,00,00,00,00,00,00,00,00]
[C OPUS_PRE_REDUND] mode=1002 tell=1 max_data_bytes=160 redundancy=0 nb_compr_bytes=159
[C OPUS_PRE_CELT] tell=1 rng=2147483648 nb_compr_bytes=159 start_band=0 bitrate=64000 silk_bitrate=25000 frame_size=960
[C OPUS_FINAL] ret=160 data=[f8,ff,fe,00,00,00,00,00,00,00,00,00,00,00,00,00]
[C OPUS_PRE_REDUND] mode=1002 tell=1 max_data_bytes=160 redundancy=0 nb_compr_bytes=159
[C OPUS_PRE_CELT] tell=1 rng=2147483648 nb_compr_bytes=159 start_band=0 bitrate=64000 silk_bitrate=25000 frame_size=960
[C OPUS_FINAL] ret=160 data=[f8,ff,fe,00,00,00,00,00,00,00,00,00,00,00,00,00]
[C OPUS_PRE_REDUND] mode=1002 tell=1 max_data_bytes=160 redundancy=0 nb_compr_bytes=159
[C OPUS_PRE_CELT] tell=1 rng=2147483648 nb_compr_bytes=159 start_band=0 bitrate=64000 silk_bitrate=25000 frame_size=960
[C OPUS_FINAL] ret=160 data=[f8,ff,fe,00,00,00,00,00,00,00,00,00,00,00,00,00]
[C OPUS_PRE_REDUND] mode=1002 tell=1 max_data_bytes=160 redundancy=0 nb_compr_bytes=159
[C OPUS_PRE_CELT] tell=1 rng=2147483648 nb_compr_bytes=159 start_band=0 bitrate=64000 silk_bitrate=25000 frame_size=960
[C OPUS_FINAL] ret=160 data=[f8,ff,fe,00,00,00,00,00,00,00,00,00,00,00,00,00]
[C OPUS_PRE_REDUND] mode=1002 tell=1 max_data_bytes=160 redundancy=0 nb_compr_bytes=159
[C OPUS_PRE_CELT] tell=1 rng=2147483648 nb_compr_bytes=159 start_band=0 bitrate=64000 silk_bitrate=25000 frame_size=960
[C OPUS_FINAL] ret=160 data=[f8,ff,fe,00,00,00,00,00,00,00,00,00,00,00,00,00]
[C OPUS_PRE_REDUND] mode=1002 tell=1 max_data_bytes=160 redundancy=0 nb_compr_bytes=159
[C OPUS_PRE_CELT] tell=1 rng=2147483648 nb_compr_bytes=159 start_band=0 bitrate=64000 silk_bitrate=25000 frame_size=960
[C OPUS_FINAL] ret=160 data=[f8,ff,fe,00,00,00,00,00,00,00,00,00,00,00,00,00]
[C OPUS_PRE_REDUND] mode=1002 tell=1 max_data_bytes=160 redundancy=0 nb_compr_bytes=159
[C OPUS_PRE_CELT] tell=1 rng=2147483648 nb_compr_bytes=159 start_band=0 bitrate=64000 silk_bitrate=25000 frame_size=960
[C OPUS_FINAL] ret=160 data=[f8,ff,fe,00,00,00,00,00,00,00,00,00,00,00,00,00]
[C OPUS_PRE_REDUND] mode=1002 tell=1 max_data_bytes=160 redundancy=0 nb_compr_bytes=159
[C OPUS_PRE_CELT] tell=1 rng=2147483648 nb_compr_bytes=159 start_band=0 bitrate=64000 silk_bitrate=25000 frame_size=960
[C OPUS_FINAL] ret=160 data=[f8,ff,fe,00,00,00,00,00,00,00,00,00,00,00,00,00]
[C OPUS_PRE_REDUND] mode=1002 tell=1 max_data_bytes=160 redundancy=0 nb_compr_bytes=159
[C OPUS_PRE_CELT] tell=1 rng=2147483648 nb_compr_bytes=159 start_band=0 bitrate=64000 silk_bitrate=25000 frame_size=960
[C OPUS_FINAL] ret=160 data=[f8,ff,fe,00,00,00,00,00,00,00,00,00,00,00,00,00]
[C OPUS_PRE_REDUND] mode=1002 tell=1 max_data_bytes=160 redundancy=0 nb_compr_bytes=159
[C OPUS_PRE_CELT] tell=1 rng=2147483648 nb_compr_bytes=159 start_band=0 bitrate=64000 silk_bitrate=25000 frame_size=960
[C OPUS_FINAL] ret=160 data=[f8,ff,fe,00,00,00,00,00,00,00,00,00,00,00,00,00]
[C OPUS_PRE_REDUND] mode=1002 tell=1 max_data_bytes=160 redundancy=0 nb_compr_bytes=159
[C OPUS_PRE_CELT] tell=1 rng=2147483648 nb_compr_bytes=159 start_band=0 bitrate=64000 silk_bitrate=25000 frame_size=960
[C OPUS_FINAL] ret=160 data=[f8,ff,fe,00,00,00,00,00,00,00,00,00,00,00,00,00]
[C OPUS_PRE_REDUND] mode=1002 tell=1 max_data_bytes=160 redundancy=0 nb_compr_bytes=159
[C OPUS_PRE_CELT] tell=1 rng=2147483648 nb_compr_bytes=159 start_band=0 bitrate=64000 silk_bitrate=25000 frame_size=960
[C OPUS_FINAL] ret=160 data=[f8,ff,fe,00,00,00,00,00,00,00,00,00,00,00,00,00]
[C OPUS_PRE_REDUND] mode=1002 tell=1 max_data_bytes=160 redundancy=0 nb_compr_bytes=159
[C OPUS_PRE_CELT] tell=1 rng=2147483648 nb_compr_bytes=159 start_band=0 bitrate=64000 silk_bitrate=25000 frame_size=960
[C OPUS_FINAL] ret=160 data=[f8,ff,fe,00,00,00,00,00,00,00,00,00,00,00,00,00]
[C OPUS_PRE_REDUND] mode=1002 tell=1 max_data_bytes=160 redundancy=0 nb_compr_bytes=159
[C OPUS_PRE_CELT] tell=1 rng=2147483648 nb_compr_bytes=159 start_band=0 bitrate=64000 silk_bitrate=25000 frame_size=960
[C OPUS_FINAL] ret=160 data=[f8,ff,fe,00,00,00,00,00,00,00,00,00,00,00,00,00]
[C OPUS_PRE_REDUND] mode=1002 tell=1 max_data_bytes=160 redundancy=0 nb_compr_bytes=159
[C OPUS_PRE_CELT] tell=1 rng=2147483648 nb_compr_bytes=159 start_band=0 bitrate=64000 silk_bitrate=25000 frame_size=960
[C OPUS_FINAL] ret=160 data=[f8,ff,fe,00,00,00,00,00,00,00,00,00,00,00,00,00]
[C OPUS_PRE_REDUND] mode=1002 tell=1 max_data_bytes=160 redundancy=0 nb_compr_bytes=159
[C OPUS_PRE_CELT] tell=1 rng=2147483648 nb_compr_bytes=159 start_band=0 bitrate=64000 silk_bitrate=25000 frame_size=960
[C OPUS_FINAL] ret=160 data=[f8,ff,fe,00,00,00,00,00,00,00,00,00,00,00,00,00]
[RUST] encoder created: sr=48000 ch=1 br=64000 cx=10
[RS OPUS_PRE_REDUND] mode=1002 tell=1 max_data_bytes=160 redundancy=false
[RS OPUS_PRE_CELT] tell=1 rng=2147483648 nb_compr_bytes=159 start_band=0 bitrate=64000 silk_bitrate=25000 frame_size=960
[RS OPUS_FINAL] ret=160 data=[f8,ff,fe,fb,fa,86,68,0e,db,95,b1,d9,1c,00,00,00]
[RUST] first frame encoded: 160 bytes, data[0..min(ret,16)]=[f8, ff, fe, fb, fa, 86, 68, 0e, db, 95, b1, d9, 1c, 00, 00, 00]
[RS OPUS_PRE_REDUND] mode=1002 tell=1 max_data_bytes=160 redundancy=false
[RS OPUS_PRE_CELT] tell=1 rng=2147483648 nb_compr_bytes=159 start_band=0 bitrate=64000 silk_bitrate=25000 frame_size=960
[RS OPUS_FINAL] ret=160 data=[f8,ff,fe,fb,f9,a5,e2,cd,c9,bc,89,2f,e4,00,00,00]
[RS OPUS_PRE_REDUND] mode=1002 tell=1 max_data_bytes=160 redundancy=false
[RS OPUS_PRE_CELT] tell=1 rng=2147483648 nb_compr_bytes=159 start_band=0 bitrate=64000 silk_bitrate=25000 frame_size=960
[RS OPUS_FINAL] ret=160 data=[f8,ff,fe,fb,f9,a5,e2,cd,c9,bc,89,2f,e4,00,00,00]
[RS OPUS_PRE_REDUND] mode=1002 tell=1 max_data_bytes=160 redundancy=false
[RS OPUS_PRE_CELT] tell=1 rng=2147483648 nb_compr_bytes=159 start_band=0 bitrate=64000 silk_bitrate=25000 frame_size=960
[RS OPUS_FINAL] ret=160 data=[f8,ff,fe,fb,f9,a5,e2,cd,c9,bc,89,2f,e4,00,00,00]
[RS OPUS_PRE_REDUND] mode=1002 tell=1 max_data_bytes=160 redundancy=false
[RS OPUS_PRE_CELT] tell=1 rng=2147483648 nb_compr_bytes=159 start_band=0 bitrate=64000 silk_bitrate=25000 frame_size=960
[RS OPUS_FINAL] ret=160 data=[f8,ff,fe,fb,f9,a5,e2,cd,c9,bc,89,2f,e4,00,00,00]
[RS OPUS_PRE_REDUND] mode=1002 tell=1 max_data_bytes=160 redundancy=false
[RS OPUS_PRE_CELT] tell=1 rng=2147483648 nb_compr_bytes=159 start_band=0 bitrate=64000 silk_bitrate=25000 frame_size=960
[RS OPUS_FINAL] ret=160 data=[f8,ff,fe,fb,f9,a5,e2,cd,c9,bc,89,2f,e4,00,00,00]
[RS OPUS_PRE_REDUND] mode=1002 tell=1 max_data_bytes=160 redundancy=false
[RS OPUS_PRE_CELT] tell=1 rng=2147483648 nb_compr_bytes=159 start_band=0 bitrate=64000 silk_bitrate=25000 frame_size=960
[RS OPUS_FINAL] ret=160 data=[f8,ff,fe,fb,f9,a5,e2,cd,c9,bc,89,2f,e4,00,00,00]
[RS OPUS_PRE_REDUND] mode=1002 tell=1 max_data_bytes=160 redundancy=false
[RS OPUS_PRE_CELT] tell=1 rng=2147483648 nb_compr_bytes=159 start_band=0 bitrate=64000 silk_bitrate=25000 frame_size=960
[RS OPUS_FINAL] ret=160 data=[f8,ff,fe,fb,f9,a5,e2,cd,c9,bc,89,2f,e4,00,00,00]
[RS OPUS_PRE_REDUND] mode=1002 tell=1 max_data_bytes=160 redundancy=false
[RS OPUS_PRE_CELT] tell=1 rng=2147483648 nb_compr_bytes=159 start_band=0 bitrate=64000 silk_bitrate=25000 frame_size=960
[RS OPUS_FINAL] ret=160 data=[f8,ff,fe,fb,f9,a5,e2,cd,c9,bc,89,2f,e4,00,00,00]
[RS OPUS_PRE_REDUND] mode=1002 tell=1 max_data_bytes=160 redundancy=false
[RS OPUS_PRE_CELT] tell=1 rng=2147483648 nb_compr_bytes=159 start_band=0 bitrate=64000 silk_bitrate=25000 frame_size=960
[RS OPUS_FINAL] ret=160 data=[f8,ff,fe,fb,f9,a5,e2,cd,c9,bc,89,2f,e4,00,00,00]
[RS OPUS_PRE_REDUND] mode=1002 tell=1 max_data_bytes=160 redundancy=false
[RS OPUS_PRE_CELT] tell=1 rng=2147483648 nb_compr_bytes=159 start_band=0 bitrate=64000 silk_bitrate=25000 frame_size=960
[RS OPUS_FINAL] ret=160 data=[f8,ff,fe,fb,f9,a5,e2,cd,c9,bc,89,2f,e4,00,00,00]
[RS OPUS_PRE_REDUND] mode=1002 tell=1 max_data_bytes=160 redundancy=false
[RS OPUS_PRE_CELT] tell=1 rng=2147483648 nb_compr_bytes=159 start_band=0 bitrate=64000 silk_bitrate=25000 frame_size=960
[RS OPUS_FINAL] ret=160 data=[f8,ff,fe,fb,f9,a5,e2,cd,c9,bc,89,2f,e4,00,00,00]
[RS OPUS_PRE_REDUND] mode=1002 tell=1 max_data_bytes=160 redundancy=false
[RS OPUS_PRE_CELT] tell=1 rng=2147483648 nb_compr_bytes=159 start_band=0 bitrate=64000 silk_bitrate=25000 frame_size=960
[RS OPUS_FINAL] ret=160 data=[f8,ff,fe,fb,f9,a5,e2,cd,c9,bc,89,2f,e4,00,00,00]
[RS OPUS_PRE_REDUND] mode=1002 tell=1 max_data_bytes=160 redundancy=false
[RS OPUS_PRE_CELT] tell=1 rng=2147483648 nb_compr_bytes=159 start_band=0 bitrate=64000 silk_bitrate=25000 frame_size=960
[RS OPUS_FINAL] ret=160 data=[f8,ff,fe,fb,f9,a5,e2,cd,c9,bc,89,2f,e4,00,00,00]
[RS OPUS_PRE_REDUND] mode=1002 tell=1 max_data_bytes=160 redundancy=false
[RS OPUS_PRE_CELT] tell=1 rng=2147483648 nb_compr_bytes=159 start_band=0 bitrate=64000 silk_bitrate=25000 frame_size=960
[RS OPUS_FINAL] ret=160 data=[f8,ff,fe,fb,f9,a5,e2,cd,c9,bc,89,2f,e4,00,00,00]
[RS OPUS_PRE_REDUND] mode=1002 tell=1 max_data_bytes=160 redundancy=false
[RS OPUS_PRE_CELT] tell=1 rng=2147483648 nb_compr_bytes=159 start_band=0 bitrate=64000 silk_bitrate=25000 frame_size=960
[RS OPUS_FINAL] ret=160 data=[f8,ff,fe,fb,f9,a5,e2,cd,c9,bc,89,2f,e4,00,00,00]
[RS OPUS_PRE_REDUND] mode=1002 tell=1 max_data_bytes=160 redundancy=false
[RS OPUS_PRE_CELT] tell=1 rng=2147483648 nb_compr_bytes=159 start_band=0 bitrate=64000 silk_bitrate=25000 frame_size=960
[RS OPUS_FINAL] ret=160 data=[f8,ff,fe,fb,f9,a5,e2,cd,c9,bc,89,2f,e4,00,00,00]
[RS OPUS_PRE_REDUND] mode=1002 tell=1 max_data_bytes=160 redundancy=false
[RS OPUS_PRE_CELT] tell=1 rng=2147483648 nb_compr_bytes=159 start_band=0 bitrate=64000 silk_bitrate=25000 frame_size=960
[RS OPUS_FINAL] ret=160 data=[f8,ff,fe,fb,f9,a5,e2,cd,c9,bc,89,2f,e4,00,00,00]
[RS OPUS_PRE_REDUND] mode=1002 tell=1 max_data_bytes=160 redundancy=false
[RS OPUS_PRE_CELT] tell=1 rng=2147483648 nb_compr_bytes=159 start_band=0 bitrate=64000 silk_bitrate=25000 frame_size=960
[RS OPUS_FINAL] ret=160 data=[f8,ff,fe,fb,f9,a5,e2,cd,c9,bc,89,2f,e4,00,00,00]
[RS OPUS_PRE_REDUND] mode=1002 tell=1 max_data_bytes=160 redundancy=false
[RS OPUS_PRE_CELT] tell=1 rng=2147483648 nb_compr_bytes=159 start_band=0 bitrate=64000 silk_bitrate=25000 frame_size=960
[RS OPUS_FINAL] ret=160 data=[f8,ff,fe,fb,f9,a5,e2,cd,c9,bc,89,2f,e4,00,00,00]
[RS OPUS_PRE_REDUND] mode=1002 tell=1 max_data_bytes=160 redundancy=false
[RS OPUS_PRE_CELT] tell=1 rng=2147483648 nb_compr_bytes=159 start_band=0 bitrate=64000 silk_bitrate=25000 frame_size=960
[RS OPUS_FINAL] ret=160 data=[f8,ff,fe,fb,f9,a5,e2,cd,c9,bc,89,2f,e4,00,00,00]
[RS OPUS_PRE_REDUND] mode=1002 tell=1 max_data_bytes=160 redundancy=false
[RS OPUS_PRE_CELT] tell=1 rng=2147483648 nb_compr_bytes=159 start_band=0 bitrate=64000 silk_bitrate=25000 frame_size=960
[RS OPUS_FINAL] ret=160 data=[f8,ff,fe,fb,f9,a5,e2,cd,c9,bc,89,2f,e4,00,00,00]
[RS OPUS_PRE_REDUND] mode=1002 tell=1 max_data_bytes=160 redundancy=false
[RS OPUS_PRE_CELT] tell=1 rng=2147483648 nb_compr_bytes=159 start_band=0 bitrate=64000 silk_bitrate=25000 frame_size=960
[RS OPUS_FINAL] ret=160 data=[f8,ff,fe,fb,f9,a5,e2,cd,c9,bc,89,2f,e4,00,00,00]
[RS OPUS_PRE_REDUND] mode=1002 tell=1 max_data_bytes=160 redundancy=false
[RS OPUS_PRE_CELT] tell=1 rng=2147483648 nb_compr_bytes=159 start_band=0 bitrate=64000 silk_bitrate=25000 frame_size=960
[RS OPUS_FINAL] ret=160 data=[f8,ff,fe,fb,f9,a5,e2,cd,c9,bc,89,2f,e4,00,00,00]
[RS OPUS_PRE_REDUND] mode=1002 tell=1 max_data_bytes=160 redundancy=false
[RS OPUS_PRE_CELT] tell=1 rng=2147483648 nb_compr_bytes=159 start_band=0 bitrate=64000 silk_bitrate=25000 frame_size=960
[RS OPUS_FINAL] ret=160 data=[f8,ff,fe,fb,f9,a5,e2,cd,c9,bc,89,2f,e4,00,00,00]
[RS OPUS_PRE_REDUND] mode=1002 tell=1 max_data_bytes=160 redundancy=false
[RS OPUS_PRE_CELT] tell=1 rng=2147483648 nb_compr_bytes=159 start_band=0 bitrate=64000 silk_bitrate=25000 frame_size=960
[RS OPUS_FINAL] ret=160 data=[f8,ff,fe,fb,f9,a5,e2,cd,c9,bc,89,2f,e4,00,00,00]
[RS OPUS_PRE_REDUND] mode=1002 tell=1 max_data_bytes=160 redundancy=false
[RS OPUS_PRE_CELT] tell=1 rng=2147483648 nb_compr_bytes=159 start_band=0 bitrate=64000 silk_bitrate=25000 frame_size=960
[RS OPUS_FINAL] ret=160 data=[f8,ff,fe,fb,f9,a5,e2,cd,c9,bc,89,2f,e4,00,00,00]
[RS OPUS_PRE_REDUND] mode=1002 tell=1 max_data_bytes=160 redundancy=false
[RS OPUS_PRE_CELT] tell=1 rng=2147483648 nb_compr_bytes=159 start_band=0 bitrate=64000 silk_bitrate=25000 frame_size=960
[RS OPUS_FINAL] ret=160 data=[f8,ff,fe,fb,f9,a5,e2,cd,c9,bc,89,2f,e4,00,00,00]
[RS OPUS_PRE_REDUND] mode=1002 tell=1 max_data_bytes=160 redundancy=false
[RS OPUS_PRE_CELT] tell=1 rng=2147483648 nb_compr_bytes=159 start_band=0 bitrate=64000 silk_bitrate=25000 frame_size=960
[RS OPUS_FINAL] ret=160 data=[f8,ff,fe,fb,f9,a5,e2,cd,c9,bc,89,2f,e4,00,00,00]
[RS OPUS_PRE_REDUND] mode=1002 tell=1 max_data_bytes=160 redundancy=false
[RS OPUS_PRE_CELT] tell=1 rng=2147483648 nb_compr_bytes=159 start_band=0 bitrate=64000 silk_bitrate=25000 frame_size=960
[RS OPUS_FINAL] ret=160 data=[f8,ff,fe,fb,f9,a5,e2,cd,c9,bc,89,2f,e4,00,00,00]
[RS OPUS_PRE_REDUND] mode=1002 tell=1 max_data_bytes=160 redundancy=false
[RS OPUS_PRE_CELT] tell=1 rng=2147483648 nb_compr_bytes=159 start_band=0 bitrate=64000 silk_bitrate=25000 frame_size=960
[RS OPUS_FINAL] ret=160 data=[f8,ff,fe,fb,f9,a5,e2,cd,c9,bc,89,2f,e4,00,00,00]
[RS OPUS_PRE_REDUND] mode=1002 tell=1 max_data_bytes=160 redundancy=false
[RS OPUS_PRE_CELT] tell=1 rng=2147483648 nb_compr_bytes=159 start_band=0 bitrate=64000 silk_bitrate=25000 frame_size=960
[RS OPUS_FINAL] ret=160 data=[f8,ff,fe,fb,f9,a5,e2,cd,c9,bc,89,2f,e4,00,00,00]
[RS OPUS_PRE_REDUND] mode=1002 tell=1 max_data_bytes=160 redundancy=false
[RS OPUS_PRE_CELT] tell=1 rng=2147483648 nb_compr_bytes=159 start_band=0 bitrate=64000 silk_bitrate=25000 frame_size=960
[RS OPUS_FINAL] ret=160 data=[f8,ff,fe,fb,f9,a5,e2,cd,c9,bc,89,2f,e4,00,00,00]
[RS OPUS_PRE_REDUND] mode=1002 tell=1 max_data_bytes=160 redundancy=false
[RS OPUS_PRE_CELT] tell=1 rng=2147483648 nb_compr_bytes=159 start_band=0 bitrate=64000 silk_bitrate=25000 frame_size=960
[RS OPUS_FINAL] ret=160 data=[f8,ff,fe,fb,f9,a5,e2,cd,c9,bc,89,2f,e4,00,00,00]
[RS OPUS_PRE_REDUND] mode=1002 tell=1 max_data_bytes=160 redundancy=false
[RS OPUS_PRE_CELT] tell=1 rng=2147483648 nb_compr_bytes=159 start_band=0 bitrate=64000 silk_bitrate=25000 frame_size=960
[RS OPUS_FINAL] ret=160 data=[f8,ff,fe,fb,f9,a5,e2,cd,c9,bc,89,2f,e4,00,00,00]
[RS OPUS_PRE_REDUND] mode=1002 tell=1 max_data_bytes=160 redundancy=false
[RS OPUS_PRE_CELT] tell=1 rng=2147483648 nb_compr_bytes=159 start_band=0 bitrate=64000 silk_bitrate=25000 frame_size=960
[RS OPUS_FINAL] ret=160 data=[f8,ff,fe,fb,f9,a5,e2,cd,c9,bc,89,2f,e4,00,00,00]
[RS OPUS_PRE_REDUND] mode=1002 tell=1 max_data_bytes=160 redundancy=false
[RS OPUS_PRE_CELT] tell=1 rng=2147483648 nb_compr_bytes=159 start_band=0 bitrate=64000 silk_bitrate=25000 frame_size=960
[RS OPUS_FINAL] ret=160 data=[f8,ff,fe,fb,f9,a5,e2,cd,c9,bc,89,2f,e4,00,00,00]
[RS OPUS_PRE_REDUND] mode=1002 tell=1 max_data_bytes=160 redundancy=false
[RS OPUS_PRE_CELT] tell=1 rng=2147483648 nb_compr_bytes=159 start_band=0 bitrate=64000 silk_bitrate=25000 frame_size=960
[RS OPUS_FINAL] ret=160 data=[f8,ff,fe,fb,f9,a5,e2,cd,c9,bc,89,2f,e4,00,00,00]
[RS OPUS_PRE_REDUND] mode=1002 tell=1 max_data_bytes=160 redundancy=false
[RS OPUS_PRE_CELT] tell=1 rng=2147483648 nb_compr_bytes=159 start_band=0 bitrate=64000 silk_bitrate=25000 frame_size=960
[RS OPUS_FINAL] ret=160 data=[f8,ff,fe,fb,f9,a5,e2,cd,c9,bc,89,2f,e4,00,00,00]
[RS OPUS_PRE_REDUND] mode=1002 tell=1 max_data_bytes=160 redundancy=false
[RS OPUS_PRE_CELT] tell=1 rng=2147483648 nb_compr_bytes=159 start_band=0 bitrate=64000 silk_bitrate=25000 frame_size=960
[RS OPUS_FINAL] ret=160 data=[f8,ff,fe,fb,f9,a5,e2,cd,c9,bc,89,2f,e4,00,00,00]
[RS OPUS_PRE_REDUND] mode=1002 tell=1 max_data_bytes=160 redundancy=false
[RS OPUS_PRE_CELT] tell=1 rng=2147483648 nb_compr_bytes=159 start_band=0 bitrate=64000 silk_bitrate=25000 frame_size=960
[RS OPUS_FINAL] ret=160 data=[f8,ff,fe,fb,f9,a5,e2,cd,c9,bc,89,2f,e4,00,00,00]
[RS OPUS_PRE_REDUND] mode=1002 tell=1 max_data_bytes=160 redundancy=false
[RS OPUS_PRE_CELT] tell=1 rng=2147483648 nb_compr_bytes=159 start_band=0 bitrate=64000 silk_bitrate=25000 frame_size=960
[RS OPUS_FINAL] ret=160 data=[f8,ff,fe,fb,f9,a5,e2,cd,c9,bc,89,2f,e4,00,00,00]
[RS OPUS_PRE_REDUND] mode=1002 tell=1 max_data_bytes=160 redundancy=false
[RS OPUS_PRE_CELT] tell=1 rng=2147483648 nb_compr_bytes=159 start_band=0 bitrate=64000 silk_bitrate=25000 frame_size=960
[RS OPUS_FINAL] ret=160 data=[f8,ff,fe,fb,f9,a5,e2,cd,c9,bc,89,2f,e4,00,00,00]
[RS OPUS_PRE_REDUND] mode=1002 tell=1 max_data_bytes=160 redundancy=false
[RS OPUS_PRE_CELT] tell=1 rng=2147483648 nb_compr_bytes=159 start_band=0 bitrate=64000 silk_bitrate=25000 frame_size=960
[RS OPUS_FINAL] ret=160 data=[f8,ff,fe,fb,f9,a5,e2,cd,c9,bc,89,2f,e4,00,00,00]
[RS OPUS_PRE_REDUND] mode=1002 tell=1 max_data_bytes=160 redundancy=false
[RS OPUS_PRE_CELT] tell=1 rng=2147483648 nb_compr_bytes=159 start_band=0 bitrate=64000 silk_bitrate=25000 frame_size=960
[RS OPUS_FINAL] ret=160 data=[f8,ff,fe,fb,f9,a5,e2,cd,c9,bc,89,2f,e4,00,00,00]
[RS OPUS_PRE_REDUND] mode=1002 tell=1 max_data_bytes=160 redundancy=false
[RS OPUS_PRE_CELT] tell=1 rng=2147483648 nb_compr_bytes=159 start_band=0 bitrate=64000 silk_bitrate=25000 frame_size=960
[RS OPUS_FINAL] ret=160 data=[f8,ff,fe,fb,f9,a5,e2,cd,c9,bc,89,2f,e4,00,00,00]
[RS OPUS_PRE_REDUND] mode=1002 tell=1 max_data_bytes=160 redundancy=false
[RS OPUS_PRE_CELT] tell=1 rng=2147483648 nb_compr_bytes=159 start_band=0 bitrate=64000 silk_bitrate=25000 frame_size=960
[RS OPUS_FINAL] ret=160 data=[f8,ff,fe,fb,f9,a5,e2,cd,c9,bc,89,2f,e4,00,00,00]
[RS OPUS_PRE_REDUND] mode=1002 tell=1 max_data_bytes=160 redundancy=false
[RS OPUS_PRE_CELT] tell=1 rng=2147483648 nb_compr_bytes=159 start_band=0 bitrate=64000 silk_bitrate=25000 frame_size=960
[RS OPUS_FINAL] ret=160 data=[f8,ff,fe,fb,f9,a5,e2,cd,c9,bc,89,2f,e4,00,00,00]
[RS OPUS_PRE_REDUND] mode=1002 tell=1 max_data_bytes=160 redundancy=false
[RS OPUS_PRE_CELT] tell=1 rng=2147483648 nb_compr_bytes=159 start_band=0 bitrate=64000 silk_bitrate=25000 frame_size=960
[RS OPUS_FINAL] ret=160 data=[f8,ff,fe,fb,f9,a5,e2,cd,c9,bc,89,2f,e4,00,00,00]
[RS OPUS_PRE_REDUND] mode=1002 tell=1 max_data_bytes=160 redundancy=false
[RS OPUS_PRE_CELT] tell=1 rng=2147483648 nb_compr_bytes=159 start_band=0 bitrate=64000 silk_bitrate=25000 frame_size=960
[RS OPUS_FINAL] ret=160 data=[f8,ff,fe,fb,f9,a5,e2,cd,c9,bc,89,2f,e4,00,00,00]
